<?xml version="1.0" encoding="UTF-8"?>
<testsuite xmlns:xsi="http://www.w3.org/2001/XMLSchema-instance" xsi:noNamespaceSchemaLocation="https://maven.apache.org/surefire/maven-surefire-plugin/xsd/surefire-test-report.xsd" name="org.projet.MapTest" time="0.066" tests="11" errors="0" skipped="0" failures="0">
  <properties>
[...]
</properties>
  <testcase name="toWriteInFileTest" classname="org.projet.MapTest" time="0.032"/>
  <testcase name="verifyReplacementTresorTest" classname="org.projet.MapTest" time="0.001"/>
  <testcase name="getElemToWriteTest" classname="org.projet.MapTest" time="0.005"/>
  <testcase name="verifyReplacementMontagneTest" classname="org.projet.MapTest" time="0.001"/>
  <testcase name="addElemOnMapTest" classname="org.projet.MapTest" time="0.001"/>
  <testcase name="differentMovementsTest" classname="org.projet.MapTest" time="0.001"/>
  <testcase name="movementsOfAllAdventurersTest" classname="org.projet.MapTest" time="0"/>
  <testcase name="moveAdventurerKOTest" classname="org.projet.MapTest" time="0.001"/>
  <testcase name="moveAdventurerOKTest" classname="org.projet.MapTest" time="0"/>
  <testcase name="verifyReplacementMapTest" classname="org.projet.MapTest" time="0.001"/>
  <testcase name="verifyReplacementAdevnturerTest" classname="org.projet.MapTest" time="0.001"/>
</testsuite>